0|program|f=null|s=null
1|stmtlist|f=0|s=null
2|declstmt|f=1|s=null
3|assignstmt|f=1|s=2
4|structstmt|f=1|s=3
5|ifestmt|f=4|s=null
6|ifstmt|f=5|s=null
7|elsestmt|f=5|s=6
8|else|f=7|s=null
9|{|f=7|s=8
10|stmt|f=7|s=9
11|}|f=7|s=10
12|writestmt|f=10|s=null
13|write|f=12|s=null
14|(|f=12|s=13
15|const|f=12|s=14
16|)|f=12|s=15
17|;|f=12|s=16
18|nr|f=15|s=null
19|constant|f=18|s=null
20|if|f=6|s=null
21|(|f=6|s=20
22|condition|f=6|s=21
23|)|f=6|s=22
24|{|f=6|s=23
25|stmt|f=6|s=24
26|}|f=6|s=25
27|writestmt|f=25|s=null
28|write|f=27|s=null
29|(|f=27|s=28
30|const|f=27|s=29
31|)|f=27|s=30
32|;|f=27|s=31
33|nr|f=30|s=null
34|constant|f=33|s=null
35|const|f=22|s=null
36|relation|f=22|s=35
37|const|f=22|s=36
38|nr|f=37|s=null
39|constant|f=38|s=null
40|>|f=36|s=null
41|id|f=35|s=null
42|identifier|f=41|s=null
43|id|f=3|s=null
44|=|f=3|s=43
45|nr|f=3|s=44
46|;|f=3|s=45
47|constant|f=45|s=null
48|identifier|f=43|s=null
49|type|f=2|s=null
50|id|f=2|s=49
51|;|f=2|s=50
52|identifier|f=50|s=null
53|int|f=49|s=null
